2017-03-03 18:23:22 [127.0.0.1][-][nift262glqgd29f8g5k3uvn500][error][yii\db\Exception] PDOException: SQLSTATE[HY000] [1049] Unknown database 'yii2advanced' in C:\OpenServer\domains\rbac.ua\vendor\yiisoft\yii2\db\Connection.php:630
Stack trace:
#0 C:\OpenServer\domains\rbac.ua\vendor\yiisoft\yii2\db\Connection.php(630): PDO->__construct('mysql:host=loca...', 'root', '', NULL)
#1 C:\OpenServer\domains\rbac.ua\vendor\yiisoft\yii2\db\Connection.php(563): yii\db\Connection->createPdoInstance()
#2 C:\OpenServer\domains\rbac.ua\vendor\yiisoft\yii2\db\Connection.php(896): yii\db\Connection->open()
#3 C:\OpenServer\domains\rbac.ua\vendor\yiisoft\yii2\db\Connection.php(883): yii\db\Connection->getMasterPdo()
#4 C:\OpenServer\domains\rbac.ua\vendor\yiisoft\yii2\db\Schema.php(483): yii\db\Connection->getSlavePdo()
#5 C:\OpenServer\domains\rbac.ua\vendor\yiisoft\yii2\db\Connection.php(792): yii\db\Schema->quoteValue('admin')
#6 C:\OpenServer\domains\rbac.ua\vendor\yiisoft\yii2\db\Command.php(175): yii\db\Connection->quoteValue('admin')
#7 C:\OpenServer\domains\rbac.ua\vendor\yiisoft\yii2\db\Command.php(871): yii\db\Command->getRawSql()
#8 C:\OpenServer\domains\rbac.ua\vendor\yiisoft\yii2\db\Command.php(376): yii\db\Command->queryInternal('fetch', NULL)
#9 C:\OpenServer\domains\rbac.ua\vendor\yiisoft\yii2\db\Query.php(253): yii\db\Command->queryOne()
#10 C:\OpenServer\domains\rbac.ua\vendor\yiisoft\yii2\db\ActiveQuery.php(295): yii\db\Query->one(NULL)
#11 C:\OpenServer\domains\rbac.ua\vendor\yiisoft\yii2\db\BaseActiveRecord.php(107): yii\db\ActiveQuery->one()
#12 C:\OpenServer\domains\rbac.ua\common\models\User.php(83): yii\db\BaseActiveRecord::findOne(Array)
#13 C:\OpenServer\domains\rbac.ua\common\models\LoginForm.php(73): common\models\User::findByUsername('admin')
#14 C:\OpenServer\domains\rbac.ua\common\models\LoginForm.php(44): common\models\LoginForm->getUser()
#15 [internal function]: common\models\LoginForm->validatePassword('password', NULL, Object(yii\validators\InlineValidator))
#16 C:\OpenServer\domains\rbac.ua\vendor\yiisoft\yii2\validators\InlineValidator.php(72): call_user_func(Array, 'password', NULL, Object(yii\validators\InlineValidator))
#17 C:\OpenServer\domains\rbac.ua\vendor\yiisoft\yii2\validators\Validator.php(267): yii\validators\InlineValidator->validateAttribute(Object(common\models\LoginForm), 'password')
#18 C:\OpenServer\domains\rbac.ua\vendor\yiisoft\yii2\base\Model.php(358): yii\validators\Validator->validateAttributes(Object(common\models\LoginForm), Array)
#19 C:\OpenServer\domains\rbac.ua\common\models\LoginForm.php(58): yii\base\Model->validate()
#20 C:\OpenServer\domains\rbac.ua\backend\controllers\SiteController.php(78): common\models\LoginForm->login()
#21 [internal function]: backend\controllers\SiteController->actionLogin()
#22 C:\OpenServer\domains\rbac.ua\vendor\yiisoft\yii2\base\InlineAction.php(57): call_user_func_array(Array, Array)
#23 C:\OpenServer\domains\rbac.ua\vendor\yiisoft\yii2\base\Controller.php(156): yii\base\InlineAction->runWithParams(Array)
#24 C:\OpenServer\domains\rbac.ua\vendor\yiisoft\yii2\base\Module.php(523): yii\base\Controller->runAction('login', Array)
#25 C:\OpenServer\domains\rbac.ua\vendor\yiisoft\yii2\web\Application.php(102): yii\base\Module->runAction('site/login', Array)
#26 C:\OpenServer\domains\rbac.ua\vendor\yiisoft\yii2\base\Application.php(380): yii\web\Application->handleRequest(Object(yii\web\Request))
#27 C:\OpenServer\domains\rbac.ua\backend\web\index.php(17): yii\base\Application->run()
#28 {main}

Next yii\db\Exception: SQLSTATE[HY000] [1049] Unknown database 'yii2advanced' in C:\OpenServer\domains\rbac.ua\vendor\yiisoft\yii2\db\Connection.php:568
Stack trace:
#0 C:\OpenServer\domains\rbac.ua\vendor\yiisoft\yii2\db\Connection.php(896): yii\db\Connection->open()
#1 C:\OpenServer\domains\rbac.ua\vendor\yiisoft\yii2\db\Connection.php(883): yii\db\Connection->getMasterPdo()
#2 C:\OpenServer\domains\rbac.ua\vendor\yiisoft\yii2\db\Schema.php(483): yii\db\Connection->getSlavePdo()
#3 C:\OpenServer\domains\rbac.ua\vendor\yiisoft\yii2\db\Connection.php(792): yii\db\Schema->quoteValue('admin')
#4 C:\OpenServer\domains\rbac.ua\vendor\yiisoft\yii2\db\Command.php(175): yii\db\Connection->quoteValue('admin')
#5 C:\OpenServer\domains\rbac.ua\vendor\yiisoft\yii2\db\Command.php(871): yii\db\Command->getRawSql()
#6 C:\OpenServer\domains\rbac.ua\vendor\yiisoft\yii2\db\Command.php(376): yii\db\Command->queryInternal('fetch', NULL)
#7 C:\OpenServer\domains\rbac.ua\vendor\yiisoft\yii2\db\Query.php(253): yii\db\Command->queryOne()
#8 C:\OpenServer\domains\rbac.ua\vendor\yiisoft\yii2\db\ActiveQuery.php(295): yii\db\Query->one(NULL)
#9 C:\OpenServer\domains\rbac.ua\vendor\yiisoft\yii2\db\BaseActiveRecord.php(107): yii\db\ActiveQuery->one()
#10 C:\OpenServer\domains\rbac.ua\common\models\User.php(83): yii\db\BaseActiveRecord::findOne(Array)
#11 C:\OpenServer\domains\rbac.ua\common\models\LoginForm.php(73): common\models\User::findByUsername('admin')
#12 C:\OpenServer\domains\rbac.ua\common\models\LoginForm.php(44): common\models\LoginForm->getUser()
#13 [internal function]: common\models\LoginForm->validatePassword('password', NULL, Object(yii\validators\InlineValidator))
#14 C:\OpenServer\domains\rbac.ua\vendor\yiisoft\yii2\validators\InlineValidator.php(72): call_user_func(Array, 'password', NULL, Object(yii\validators\InlineValidator))
#15 C:\OpenServer\domains\rbac.ua\vendor\yiisoft\yii2\validators\Validator.php(267): yii\validators\InlineValidator->validateAttribute(Object(common\models\LoginForm), 'password')
#16 C:\OpenServer\domains\rbac.ua\vendor\yiisoft\yii2\base\Model.php(358): yii\validators\Validator->validateAttributes(Object(common\models\LoginForm), Array)
#17 C:\OpenServer\domains\rbac.ua\common\models\LoginForm.php(58): yii\base\Model->validate()
#18 C:\OpenServer\domains\rbac.ua\backend\controllers\SiteController.php(78): common\models\LoginForm->login()
#19 [internal function]: backend\controllers\SiteController->actionLogin()
#20 C:\OpenServer\domains\rbac.ua\vendor\yiisoft\yii2\base\InlineAction.php(57): call_user_func_array(Array, Array)
#21 C:\OpenServer\domains\rbac.ua\vendor\yiisoft\yii2\base\Controller.php(156): yii\base\InlineAction->runWithParams(Array)
#22 C:\OpenServer\domains\rbac.ua\vendor\yiisoft\yii2\base\Module.php(523): yii\base\Controller->runAction('login', Array)
#23 C:\OpenServer\domains\rbac.ua\vendor\yiisoft\yii2\web\Application.php(102): yii\base\Module->runAction('site/login', Array)
#24 C:\OpenServer\domains\rbac.ua\vendor\yiisoft\yii2\base\Application.php(380): yii\web\Application->handleRequest(Object(yii\web\Request))
#25 C:\OpenServer\domains\rbac.ua\backend\web\index.php(17): yii\base\Application->run()
#26 {main}
Additional Information:

2017-03-03 18:23:15 [127.0.0.1][-][nift262glqgd29f8g5k3uvn500][info][application] $_GET = [
    'r' => 'site/login'
]

$_POST = [
    '_csrf-backend' => 'd05PQ0ROY28WOCA3cnwgFkMpOgE2eDklBX1/LTw/MigVAngFcQ0yHw=='
    'LoginForm' => [
        'username' => 'admin'
        'password' => 'admin'
        'rememberMe' => '1'
    ]
    'login-button' => ''
]

$_COOKIE = [
    'advanced-backend' => 'nift262glqgd29f8g5k3uvn500'
    '_csrf-backend' => '63d9b2fd2504b3c4eb44e3a85564d9367d02bc022411dda62bbdc376a0c4a736a:2:{i:0;s:13:\"_csrf-backend\";i:1;s:32:\"avot62Cy4guBr6ZJr30nxqQGbL7F5CQp\";}'
]

$_SESSION = [
    '__flash' => []
    '__returnUrl' => '/backend/web/index.php?r=site%2Findex'
]

$_SERVER = [
    'HTTP_HOST' => 'rbac.ua'
    'HTTP_CONNECTION' => 'keep-alive'
    'CONTENT_LENGTH' => '208'
    'HTTP_CACHE_CONTROL' => 'max-age=0'
    'HTTP_ORIGIN' => 'http://rbac.ua'
    'HTTP_UPGRADE_INSECURE_REQUESTS' => '1'
    'HTTP_USER_AGENT' => 'Mozilla/5.0 (Windows NT 6.1) AppleWebKit/537.36 (KHTML, like Gecko) Chrome/56.0.2924.87 Safari/537.36'
    'CONTENT_TYPE' => 'application/x-www-form-urlencoded'
    'HTTP_ACCEPT' => 'text/html,application/xhtml+xml,application/xml;q=0.9,image/webp,*/*;q=0.8'
    'HTTP_REFERER' => 'http://rbac.ua/backend/web/index.php?r=site%2Flogin'
    'HTTP_ACCEPT_ENCODING' => 'gzip, deflate'
    'HTTP_ACCEPT_LANGUAGE' => 'ru-RU,ru;q=0.8,en-US;q=0.6,en;q=0.4'
    'HTTP_COOKIE' => 'advanced-backend=nift262glqgd29f8g5k3uvn500; _csrf-backend=63d9b2fd2504b3c4eb44e3a85564d9367d02bc022411dda62bbdc376a0c4a736a%3A2%3A%7Bi%3A0%3Bs%3A13%3A%22_csrf-backend%22%3Bi%3A1%3Bs%3A32%3A%22avot62Cy4guBr6ZJr30nxqQGbL7F5CQp%22%3B%7D'
    'PATH' => 'c:\\openserver\\modules\\php\\PHP-7\\ext;c:\\openserver\\modules\\php\\PHP-7\\pear;c:\\openserver\\modules\\php\\PHP-7\\pear\\bin;c:\\openserver\\modules\\php\\PHP-7;c:\\openserver\\modules\\imagemagick;c:\\openserver\\modules\\wget\\bin;c:\\openserver\\modules\\git;c:\\openserver\\modules\\git\\bin;c:\\openserver\\modules\\git\\mingw\\bin;c:\\openserver\\modules\\git\\cmd;c:\\openserver\\modules\\database\\MySQL-5.7\\bin;c:\\openserver\\modules\\http\\Apache-PHP-7\\bin;c:\\openserver\\modules\\http\\Apache-PHP-7;C:\\Windows\\system32;C:\\Windows;C:\\Windows\\system32\\Wbem'
    'SystemRoot' => 'C:\\Windows'
    'COMSPEC' => 'C:\\Windows\\system32\\cmd.exe'
    'PATHEXT' => '.COM;.EXE;.BAT;.CMD;.VBS;.VBE;.JS;.JSE;.WSF;.WSH;.MSC'
    'WINDIR' => 'C:\\Windows'
    'SERVER_SIGNATURE' => ''
    'SERVER_SOFTWARE' => 'Apache'
    'SERVER_NAME' => 'rbac.ua'
    'SERVER_ADDR' => '127.0.0.1'
    'SERVER_PORT' => '80'
    'REMOTE_ADDR' => '127.0.0.1'
    'DOCUMENT_ROOT' => 'C:/OpenServer/domains/rbac.ua'
    'REQUEST_SCHEME' => 'http'
    'CONTEXT_PREFIX' => ''
    'CONTEXT_DOCUMENT_ROOT' => 'C:/OpenServer/domains/rbac.ua'
    'SERVER_ADMIN' => '[no address given]'
    'SCRIPT_FILENAME' => 'C:/OpenServer/domains/rbac.ua/backend/web/index.php'
    'REMOTE_PORT' => '2772'
    'GATEWAY_INTERFACE' => 'CGI/1.1'
    'SERVER_PROTOCOL' => 'HTTP/1.1'
    'REQUEST_METHOD' => 'POST'
    'QUERY_STRING' => 'r=site%2Flogin'
    'REQUEST_URI' => '/backend/web/index.php?r=site%2Flogin'
    'SCRIPT_NAME' => '/backend/web/index.php'
    'PHP_SELF' => '/backend/web/index.php'
    'REQUEST_TIME_FLOAT' => 1488554595.793
    'REQUEST_TIME' => 1488554595
    'argv' => [
        0 => 'r=site%2Flogin'
    ]
    'argc' => 1
]
2017-03-03 20:04:31 [127.0.0.1][-][kv1si1hplfatvjm7ii2tul1bj0][error][ParseError] ParseError: syntax error, unexpected '}' in C:\OpenServer\domains\rbac.ua\backend\views\layouts\main.php:70
Stack trace:
#0 C:\OpenServer\domains\rbac.ua\vendor\yiisoft\yii2\base\View.php(250): yii\base\View->renderPhpFile('C:\\OpenServer\\d...', Array)
#1 C:\OpenServer\domains\rbac.ua\vendor\yiisoft\yii2\base\Controller.php(396): yii\base\View->renderFile('C:\\OpenServer\\d...', Array, Object(backend\controllers\SiteController))
#2 C:\OpenServer\domains\rbac.ua\vendor\yiisoft\yii2\base\Controller.php(382): yii\base\Controller->renderContent('<div class="sit...')
#3 C:\OpenServer\domains\rbac.ua\backend\controllers\SiteController.php(82): yii\base\Controller->render('login', Array)
#4 [internal function]: backend\controllers\SiteController->actionLogin()
#5 C:\OpenServer\domains\rbac.ua\vendor\yiisoft\yii2\base\InlineAction.php(57): call_user_func_array(Array, Array)
#6 C:\OpenServer\domains\rbac.ua\vendor\yiisoft\yii2\base\Controller.php(156): yii\base\InlineAction->runWithParams(Array)
#7 C:\OpenServer\domains\rbac.ua\vendor\yiisoft\yii2\base\Module.php(523): yii\base\Controller->runAction('login', Array)
#8 C:\OpenServer\domains\rbac.ua\vendor\yiisoft\yii2\web\Application.php(102): yii\base\Module->runAction('site/login', Array)
#9 C:\OpenServer\domains\rbac.ua\vendor\yiisoft\yii2\base\Application.php(380): yii\web\Application->handleRequest(Object(yii\web\Request))
#10 C:\OpenServer\domains\rbac.ua\backend\web\index.php(17): yii\base\Application->run()
#11 {main}
2017-03-03 20:04:27 [127.0.0.1][-][kv1si1hplfatvjm7ii2tul1bj0][info][application] $_COOKIE = [
    'advanced-backend' => 'kv1si1hplfatvjm7ii2tul1bj0'
    '_csrf-backend' => '39965fd9b9532f61e5b7f2222d9c94944a78cae593bbfe8962544cafe91c3545a:2:{i:0;s:13:\"_csrf-backend\";i:1;s:32:\"TIhO6EDKAgYavGkWF91KlvV1S3rl9XM6\";}'
]

$_SESSION = [
    '__flash' => []
    '__returnUrl' => '/'
]

$_SERVER = [
    'REDIRECT_STATUS' => '200'
    'HTTP_HOST' => 'admin.rbac.ua'
    'HTTP_CONNECTION' => 'keep-alive'
    'HTTP_UPGRADE_INSECURE_REQUESTS' => '1'
    'HTTP_USER_AGENT' => 'Mozilla/5.0 (Windows NT 6.1) AppleWebKit/537.36 (KHTML, like Gecko) Chrome/56.0.2924.87 Safari/537.36'
    'HTTP_ACCEPT' => 'text/html,application/xhtml+xml,application/xml;q=0.9,image/webp,*/*;q=0.8'
    'HTTP_ACCEPT_ENCODING' => 'gzip, deflate, sdch'
    'HTTP_ACCEPT_LANGUAGE' => 'ru-RU,ru;q=0.8,en-US;q=0.6,en;q=0.4'
    'HTTP_COOKIE' => 'advanced-backend=kv1si1hplfatvjm7ii2tul1bj0; _csrf-backend=39965fd9b9532f61e5b7f2222d9c94944a78cae593bbfe8962544cafe91c3545a%3A2%3A%7Bi%3A0%3Bs%3A13%3A%22_csrf-backend%22%3Bi%3A1%3Bs%3A32%3A%22TIhO6EDKAgYavGkWF91KlvV1S3rl9XM6%22%3B%7D'
    'PATH' => 'c:\\openserver\\modules\\php\\PHP-7\\ext;c:\\openserver\\modules\\php\\PHP-7\\pear;c:\\openserver\\modules\\php\\PHP-7\\pear\\bin;c:\\openserver\\modules\\php\\PHP-7;c:\\openserver\\modules\\imagemagick;c:\\openserver\\modules\\wget\\bin;c:\\openserver\\modules\\git;c:\\openserver\\modules\\git\\bin;c:\\openserver\\modules\\git\\mingw\\bin;c:\\openserver\\modules\\git\\cmd;c:\\openserver\\modules\\database\\MySQL-5.7\\bin;c:\\openserver\\modules\\http\\Apache-PHP-7\\bin;c:\\openserver\\modules\\http\\Apache-PHP-7;C:\\Windows\\system32;C:\\Windows;C:\\Windows\\system32\\Wbem'
    'SystemRoot' => 'C:\\Windows'
    'COMSPEC' => 'C:\\Windows\\system32\\cmd.exe'
    'PATHEXT' => '.COM;.EXE;.BAT;.CMD;.VBS;.VBE;.JS;.JSE;.WSF;.WSH;.MSC'
    'WINDIR' => 'C:\\Windows'
    'SERVER_SIGNATURE' => ''
    'SERVER_SOFTWARE' => 'Apache'
    'SERVER_NAME' => 'admin.rbac.ua'
    'SERVER_ADDR' => '127.0.0.1'
    'SERVER_PORT' => '80'
    'REMOTE_ADDR' => '127.0.0.1'
    'DOCUMENT_ROOT' => 'C:/OpenServer/domains/rbac.ua/backend/web'
    'REQUEST_SCHEME' => 'http'
    'CONTEXT_PREFIX' => ''
    'CONTEXT_DOCUMENT_ROOT' => 'C:/OpenServer/domains/rbac.ua/backend/web'
    'SERVER_ADMIN' => '[no address given]'
    'SCRIPT_FILENAME' => 'C:/OpenServer/domains/rbac.ua/backend/web/index.php'
    'REMOTE_PORT' => '3647'
    'REDIRECT_URL' => '/site/login'
    'GATEWAY_INTERFACE' => 'CGI/1.1'
    'SERVER_PROTOCOL' => 'HTTP/1.1'
    'REQUEST_METHOD' => 'GET'
    'QUERY_STRING' => ''
    'REQUEST_URI' => '/site/login'
    'SCRIPT_NAME' => '/index.php'
    'PHP_SELF' => '/index.php'
    'REQUEST_TIME_FLOAT' => 1488560666.377
    'REQUEST_TIME' => 1488560666
    'argv' => []
    'argc' => 0
]
2017-03-03 20:04:53 [127.0.0.1][-][kv1si1hplfatvjm7ii2tul1bj0][error][ParseError] ParseError: syntax error, unexpected '}' in C:\OpenServer\domains\rbac.ua\backend\views\layouts\main.php:70
Stack trace:
#0 C:\OpenServer\domains\rbac.ua\vendor\yiisoft\yii2\base\View.php(250): yii\base\View->renderPhpFile('C:\\OpenServer\\d...', Array)
#1 C:\OpenServer\domains\rbac.ua\vendor\yiisoft\yii2\base\Controller.php(396): yii\base\View->renderFile('C:\\OpenServer\\d...', Array, Object(backend\controllers\SiteController))
#2 C:\OpenServer\domains\rbac.ua\vendor\yiisoft\yii2\base\Controller.php(382): yii\base\Controller->renderContent('<div class="sit...')
#3 C:\OpenServer\domains\rbac.ua\backend\controllers\SiteController.php(82): yii\base\Controller->render('login', Array)
#4 [internal function]: backend\controllers\SiteController->actionLogin()
#5 C:\OpenServer\domains\rbac.ua\vendor\yiisoft\yii2\base\InlineAction.php(57): call_user_func_array(Array, Array)
#6 C:\OpenServer\domains\rbac.ua\vendor\yiisoft\yii2\base\Controller.php(156): yii\base\InlineAction->runWithParams(Array)
#7 C:\OpenServer\domains\rbac.ua\vendor\yiisoft\yii2\base\Module.php(523): yii\base\Controller->runAction('login', Array)
#8 C:\OpenServer\domains\rbac.ua\vendor\yiisoft\yii2\web\Application.php(102): yii\base\Module->runAction('site/login', Array)
#9 C:\OpenServer\domains\rbac.ua\vendor\yiisoft\yii2\base\Application.php(380): yii\web\Application->handleRequest(Object(yii\web\Request))
#10 C:\OpenServer\domains\rbac.ua\backend\web\index.php(17): yii\base\Application->run()
#11 {main}
2017-03-03 20:04:53 [127.0.0.1][-][kv1si1hplfatvjm7ii2tul1bj0][info][application] $_COOKIE = [
    'advanced-backend' => 'kv1si1hplfatvjm7ii2tul1bj0'
    '_csrf-backend' => '39965fd9b9532f61e5b7f2222d9c94944a78cae593bbfe8962544cafe91c3545a:2:{i:0;s:13:\"_csrf-backend\";i:1;s:32:\"TIhO6EDKAgYavGkWF91KlvV1S3rl9XM6\";}'
]

$_SESSION = [
    '__flash' => []
    '__returnUrl' => '/'
]

$_SERVER = [
    'REDIRECT_STATUS' => '200'
    'HTTP_HOST' => 'admin.rbac.ua'
    'HTTP_CONNECTION' => 'keep-alive'
    'HTTP_CACHE_CONTROL' => 'max-age=0'
    'HTTP_UPGRADE_INSECURE_REQUESTS' => '1'
    'HTTP_USER_AGENT' => 'Mozilla/5.0 (Windows NT 6.1) AppleWebKit/537.36 (KHTML, like Gecko) Chrome/56.0.2924.87 Safari/537.36'
    'HTTP_ACCEPT' => 'text/html,application/xhtml+xml,application/xml;q=0.9,image/webp,*/*;q=0.8'
    'HTTP_ACCEPT_ENCODING' => 'gzip, deflate, sdch'
    'HTTP_ACCEPT_LANGUAGE' => 'ru-RU,ru;q=0.8,en-US;q=0.6,en;q=0.4'
    'HTTP_COOKIE' => 'advanced-backend=kv1si1hplfatvjm7ii2tul1bj0; _csrf-backend=39965fd9b9532f61e5b7f2222d9c94944a78cae593bbfe8962544cafe91c3545a%3A2%3A%7Bi%3A0%3Bs%3A13%3A%22_csrf-backend%22%3Bi%3A1%3Bs%3A32%3A%22TIhO6EDKAgYavGkWF91KlvV1S3rl9XM6%22%3B%7D'
    'PATH' => 'c:\\openserver\\modules\\php\\PHP-7\\ext;c:\\openserver\\modules\\php\\PHP-7\\pear;c:\\openserver\\modules\\php\\PHP-7\\pear\\bin;c:\\openserver\\modules\\php\\PHP-7;c:\\openserver\\modules\\imagemagick;c:\\openserver\\modules\\wget\\bin;c:\\openserver\\modules\\git;c:\\openserver\\modules\\git\\bin;c:\\openserver\\modules\\git\\mingw\\bin;c:\\openserver\\modules\\git\\cmd;c:\\openserver\\modules\\database\\MySQL-5.7\\bin;c:\\openserver\\modules\\http\\Apache-PHP-7\\bin;c:\\openserver\\modules\\http\\Apache-PHP-7;C:\\Windows\\system32;C:\\Windows;C:\\Windows\\system32\\Wbem'
    'SystemRoot' => 'C:\\Windows'
    'COMSPEC' => 'C:\\Windows\\system32\\cmd.exe'
    'PATHEXT' => '.COM;.EXE;.BAT;.CMD;.VBS;.VBE;.JS;.JSE;.WSF;.WSH;.MSC'
    'WINDIR' => 'C:\\Windows'
    'SERVER_SIGNATURE' => ''
    'SERVER_SOFTWARE' => 'Apache'
    'SERVER_NAME' => 'admin.rbac.ua'
    'SERVER_ADDR' => '127.0.0.1'
    'SERVER_PORT' => '80'
    'REMOTE_ADDR' => '127.0.0.1'
    'DOCUMENT_ROOT' => 'C:/OpenServer/domains/rbac.ua/backend/web'
    'REQUEST_SCHEME' => 'http'
    'CONTEXT_PREFIX' => ''
    'CONTEXT_DOCUMENT_ROOT' => 'C:/OpenServer/domains/rbac.ua/backend/web'
    'SERVER_ADMIN' => '[no address given]'
    'SCRIPT_FILENAME' => 'C:/OpenServer/domains/rbac.ua/backend/web/index.php'
    'REMOTE_PORT' => '3649'
    'REDIRECT_URL' => '/site/login'
    'GATEWAY_INTERFACE' => 'CGI/1.1'
    'SERVER_PROTOCOL' => 'HTTP/1.1'
    'REQUEST_METHOD' => 'GET'
    'QUERY_STRING' => ''
    'REQUEST_URI' => '/site/login'
    'SCRIPT_NAME' => '/index.php'
    'PHP_SELF' => '/index.php'
    'REQUEST_TIME_FLOAT' => 1488560693.057
    'REQUEST_TIME' => 1488560693
    'argv' => []
    'argc' => 0
]
2017-03-03 20:06:41 [127.0.0.1][1][d1b07ou18d5utnrnft6rpthn10][error][yii\web\HttpException:404] yii\base\InvalidRouteException: Unable to resolve the request "index". in C:\OpenServer\domains\rbac.ua\vendor\yiisoft\yii2\base\Module.php:532
Stack trace:
#0 C:\OpenServer\domains\rbac.ua\vendor\yiisoft\yii2\web\Application.php(102): yii\base\Module->runAction('index', Array)
#1 C:\OpenServer\domains\rbac.ua\vendor\yiisoft\yii2\base\Application.php(380): yii\web\Application->handleRequest(Object(yii\web\Request))
#2 C:\OpenServer\domains\rbac.ua\backend\web\index.php(17): yii\base\Application->run()
#3 {main}

Next yii\web\NotFoundHttpException: Page not found. in C:\OpenServer\domains\rbac.ua\vendor\yiisoft\yii2\web\Application.php:114
Stack trace:
#0 C:\OpenServer\domains\rbac.ua\vendor\yiisoft\yii2\base\Application.php(380): yii\web\Application->handleRequest(Object(yii\web\Request))
#1 C:\OpenServer\domains\rbac.ua\backend\web\index.php(17): yii\base\Application->run()
#2 {main}
2017-03-03 20:06:41 [127.0.0.1][1][d1b07ou18d5utnrnft6rpthn10][info][application] $_COOKIE = [
    '_csrf-backend' => '39965fd9b9532f61e5b7f2222d9c94944a78cae593bbfe8962544cafe91c3545a:2:{i:0;s:13:\"_csrf-backend\";i:1;s:32:\"TIhO6EDKAgYavGkWF91KlvV1S3rl9XM6\";}'
    'advanced-backend' => 'd1b07ou18d5utnrnft6rpthn10'
    '_identity-backend' => '2b7a31e4bc715e8836e55527c0e2bbac85b860a13e7a0672434b6812f00906c7a:2:{i:0;s:17:\"_identity-backend\";i:1;s:46:\"[1,\"4iVGnUHoAP9s8jBo2X0C4powAnOi65tb\",2592000]\";}'
]

$_SESSION = [
    '__flash' => []
    '__returnUrl' => '/'
    '__id' => 1
]

$_SERVER = [
    'REDIRECT_STATUS' => '200'
    'HTTP_HOST' => 'admin.rbac.ua'
    'HTTP_CONNECTION' => 'keep-alive'
    'HTTP_UPGRADE_INSECURE_REQUESTS' => '1'
    'HTTP_USER_AGENT' => 'Mozilla/5.0 (Windows NT 6.1) AppleWebKit/537.36 (KHTML, like Gecko) Chrome/56.0.2924.87 Safari/537.36'
    'HTTP_ACCEPT' => 'text/html,application/xhtml+xml,application/xml;q=0.9,image/webp,*/*;q=0.8'
    'HTTP_REFERER' => 'http://admin.rbac.ua/'
    'HTTP_ACCEPT_ENCODING' => 'gzip, deflate, sdch'
    'HTTP_ACCEPT_LANGUAGE' => 'ru-RU,ru;q=0.8,en-US;q=0.6,en;q=0.4'
    'HTTP_COOKIE' => '_csrf-backend=39965fd9b9532f61e5b7f2222d9c94944a78cae593bbfe8962544cafe91c3545a%3A2%3A%7Bi%3A0%3Bs%3A13%3A%22_csrf-backend%22%3Bi%3A1%3Bs%3A32%3A%22TIhO6EDKAgYavGkWF91KlvV1S3rl9XM6%22%3B%7D; advanced-backend=d1b07ou18d5utnrnft6rpthn10; _identity-backend=2b7a31e4bc715e8836e55527c0e2bbac85b860a13e7a0672434b6812f00906c7a%3A2%3A%7Bi%3A0%3Bs%3A17%3A%22_identity-backend%22%3Bi%3A1%3Bs%3A46%3A%22%5B1%2C%224iVGnUHoAP9s8jBo2X0C4powAnOi65tb%22%2C2592000%5D%22%3B%7D'
    'PATH' => 'c:\\openserver\\modules\\php\\PHP-7\\ext;c:\\openserver\\modules\\php\\PHP-7\\pear;c:\\openserver\\modules\\php\\PHP-7\\pear\\bin;c:\\openserver\\modules\\php\\PHP-7;c:\\openserver\\modules\\imagemagick;c:\\openserver\\modules\\wget\\bin;c:\\openserver\\modules\\git;c:\\openserver\\modules\\git\\bin;c:\\openserver\\modules\\git\\mingw\\bin;c:\\openserver\\modules\\git\\cmd;c:\\openserver\\modules\\database\\MySQL-5.7\\bin;c:\\openserver\\modules\\http\\Apache-PHP-7\\bin;c:\\openserver\\modules\\http\\Apache-PHP-7;C:\\Windows\\system32;C:\\Windows;C:\\Windows\\system32\\Wbem'
    'SystemRoot' => 'C:\\Windows'
    'COMSPEC' => 'C:\\Windows\\system32\\cmd.exe'
    'PATHEXT' => '.COM;.EXE;.BAT;.CMD;.VBS;.VBE;.JS;.JSE;.WSF;.WSH;.MSC'
    'WINDIR' => 'C:\\Windows'
    'SERVER_SIGNATURE' => ''
    'SERVER_SOFTWARE' => 'Apache'
    'SERVER_NAME' => 'admin.rbac.ua'
    'SERVER_ADDR' => '127.0.0.1'
    'SERVER_PORT' => '80'
    'REMOTE_ADDR' => '127.0.0.1'
    'DOCUMENT_ROOT' => 'C:/OpenServer/domains/rbac.ua/backend/web'
    'REQUEST_SCHEME' => 'http'
    'CONTEXT_PREFIX' => ''
    'CONTEXT_DOCUMENT_ROOT' => 'C:/OpenServer/domains/rbac.ua/backend/web'
    'SERVER_ADMIN' => '[no address given]'
    'SCRIPT_FILENAME' => 'C:/OpenServer/domains/rbac.ua/backend/web/index.php'
    'REMOTE_PORT' => '3670'
    'REDIRECT_URL' => '/index'
    'GATEWAY_INTERFACE' => 'CGI/1.1'
    'SERVER_PROTOCOL' => 'HTTP/1.1'
    'REQUEST_METHOD' => 'GET'
    'QUERY_STRING' => ''
    'REQUEST_URI' => '/index'
    'SCRIPT_NAME' => '/index.php'
    'PHP_SELF' => '/index.php'
    'REQUEST_TIME_FLOAT' => 1488560801.009
    'REQUEST_TIME' => 1488560801
    'argv' => []
    'argc' => 0
]
2017-03-03 20:06:42 [127.0.0.1][1][d1b07ou18d5utnrnft6rpthn10][error][yii\web\HttpException:404] yii\base\InvalidRouteException: Unable to resolve the request "index". in C:\OpenServer\domains\rbac.ua\vendor\yiisoft\yii2\base\Module.php:532
Stack trace:
#0 C:\OpenServer\domains\rbac.ua\vendor\yiisoft\yii2\web\Application.php(102): yii\base\Module->runAction('index', Array)
#1 C:\OpenServer\domains\rbac.ua\vendor\yiisoft\yii2\base\Application.php(380): yii\web\Application->handleRequest(Object(yii\web\Request))
#2 C:\OpenServer\domains\rbac.ua\backend\web\index.php(17): yii\base\Application->run()
#3 {main}

Next yii\web\NotFoundHttpException: Page not found. in C:\OpenServer\domains\rbac.ua\vendor\yiisoft\yii2\web\Application.php:114
Stack trace:
#0 C:\OpenServer\domains\rbac.ua\vendor\yiisoft\yii2\base\Application.php(380): yii\web\Application->handleRequest(Object(yii\web\Request))
#1 C:\OpenServer\domains\rbac.ua\backend\web\index.php(17): yii\base\Application->run()
#2 {main}
2017-03-03 20:06:42 [127.0.0.1][1][d1b07ou18d5utnrnft6rpthn10][info][application] $_COOKIE = [
    '_csrf-backend' => '39965fd9b9532f61e5b7f2222d9c94944a78cae593bbfe8962544cafe91c3545a:2:{i:0;s:13:\"_csrf-backend\";i:1;s:32:\"TIhO6EDKAgYavGkWF91KlvV1S3rl9XM6\";}'
    'advanced-backend' => 'd1b07ou18d5utnrnft6rpthn10'
    '_identity-backend' => '2b7a31e4bc715e8836e55527c0e2bbac85b860a13e7a0672434b6812f00906c7a:2:{i:0;s:17:\"_identity-backend\";i:1;s:46:\"[1,\"4iVGnUHoAP9s8jBo2X0C4powAnOi65tb\",2592000]\";}'
]

$_SESSION = [
    '__flash' => []
    '__returnUrl' => '/'
    '__id' => 1
]

$_SERVER = [
    'REDIRECT_STATUS' => '200'
    'HTTP_HOST' => 'admin.rbac.ua'
    'HTTP_CONNECTION' => 'keep-alive'
    'HTTP_UPGRADE_INSECURE_REQUESTS' => '1'
    'HTTP_USER_AGENT' => 'Mozilla/5.0 (Windows NT 6.1) AppleWebKit/537.36 (KHTML, like Gecko) Chrome/56.0.2924.87 Safari/537.36'
    'HTTP_ACCEPT' => 'text/html,application/xhtml+xml,application/xml;q=0.9,image/webp,*/*;q=0.8'
    'HTTP_REFERER' => 'http://admin.rbac.ua/index'
    'HTTP_ACCEPT_ENCODING' => 'gzip, deflate, sdch'
    'HTTP_ACCEPT_LANGUAGE' => 'ru-RU,ru;q=0.8,en-US;q=0.6,en;q=0.4'
    'HTTP_COOKIE' => '_csrf-backend=39965fd9b9532f61e5b7f2222d9c94944a78cae593bbfe8962544cafe91c3545a%3A2%3A%7Bi%3A0%3Bs%3A13%3A%22_csrf-backend%22%3Bi%3A1%3Bs%3A32%3A%22TIhO6EDKAgYavGkWF91KlvV1S3rl9XM6%22%3B%7D; advanced-backend=d1b07ou18d5utnrnft6rpthn10; _identity-backend=2b7a31e4bc715e8836e55527c0e2bbac85b860a13e7a0672434b6812f00906c7a%3A2%3A%7Bi%3A0%3Bs%3A17%3A%22_identity-backend%22%3Bi%3A1%3Bs%3A46%3A%22%5B1%2C%224iVGnUHoAP9s8jBo2X0C4powAnOi65tb%22%2C2592000%5D%22%3B%7D'
    'PATH' => 'c:\\openserver\\modules\\php\\PHP-7\\ext;c:\\openserver\\modules\\php\\PHP-7\\pear;c:\\openserver\\modules\\php\\PHP-7\\pear\\bin;c:\\openserver\\modules\\php\\PHP-7;c:\\openserver\\modules\\imagemagick;c:\\openserver\\modules\\wget\\bin;c:\\openserver\\modules\\git;c:\\openserver\\modules\\git\\bin;c:\\openserver\\modules\\git\\mingw\\bin;c:\\openserver\\modules\\git\\cmd;c:\\openserver\\modules\\database\\MySQL-5.7\\bin;c:\\openserver\\modules\\http\\Apache-PHP-7\\bin;c:\\openserver\\modules\\http\\Apache-PHP-7;C:\\Windows\\system32;C:\\Windows;C:\\Windows\\system32\\Wbem'
    'SystemRoot' => 'C:\\Windows'
    'COMSPEC' => 'C:\\Windows\\system32\\cmd.exe'
    'PATHEXT' => '.COM;.EXE;.BAT;.CMD;.VBS;.VBE;.JS;.JSE;.WSF;.WSH;.MSC'
    'WINDIR' => 'C:\\Windows'
    'SERVER_SIGNATURE' => ''
    'SERVER_SOFTWARE' => 'Apache'
    'SERVER_NAME' => 'admin.rbac.ua'
    'SERVER_ADDR' => '127.0.0.1'
    'SERVER_PORT' => '80'
    'REMOTE_ADDR' => '127.0.0.1'
    'DOCUMENT_ROOT' => 'C:/OpenServer/domains/rbac.ua/backend/web'
    'REQUEST_SCHEME' => 'http'
    'CONTEXT_PREFIX' => ''
    'CONTEXT_DOCUMENT_ROOT' => 'C:/OpenServer/domains/rbac.ua/backend/web'
    'SERVER_ADMIN' => '[no address given]'
    'SCRIPT_FILENAME' => 'C:/OpenServer/domains/rbac.ua/backend/web/index.php'
    'REMOTE_PORT' => '3672'
    'REDIRECT_URL' => '/index'
    'GATEWAY_INTERFACE' => 'CGI/1.1'
    'SERVER_PROTOCOL' => 'HTTP/1.1'
    'REQUEST_METHOD' => 'GET'
    'QUERY_STRING' => ''
    'REQUEST_URI' => '/index'
    'SCRIPT_NAME' => '/index.php'
    'PHP_SELF' => '/index.php'
    'REQUEST_TIME_FLOAT' => 1488560802.876
    'REQUEST_TIME' => 1488560802
    'argv' => []
    'argc' => 0
]
2017-03-03 20:06:43 [127.0.0.1][1][d1b07ou18d5utnrnft6rpthn10][error][yii\web\HttpException:404] yii\base\InvalidRouteException: Unable to resolve the request "index". in C:\OpenServer\domains\rbac.ua\vendor\yiisoft\yii2\base\Module.php:532
Stack trace:
#0 C:\OpenServer\domains\rbac.ua\vendor\yiisoft\yii2\web\Application.php(102): yii\base\Module->runAction('index', Array)
#1 C:\OpenServer\domains\rbac.ua\vendor\yiisoft\yii2\base\Application.php(380): yii\web\Application->handleRequest(Object(yii\web\Request))
#2 C:\OpenServer\domains\rbac.ua\backend\web\index.php(17): yii\base\Application->run()
#3 {main}

Next yii\web\NotFoundHttpException: Page not found. in C:\OpenServer\domains\rbac.ua\vendor\yiisoft\yii2\web\Application.php:114
Stack trace:
#0 C:\OpenServer\domains\rbac.ua\vendor\yiisoft\yii2\base\Application.php(380): yii\web\Application->handleRequest(Object(yii\web\Request))
#1 C:\OpenServer\domains\rbac.ua\backend\web\index.php(17): yii\base\Application->run()
#2 {main}
2017-03-03 20:06:43 [127.0.0.1][1][d1b07ou18d5utnrnft6rpthn10][info][application] $_COOKIE = [
    '_csrf-backend' => '39965fd9b9532f61e5b7f2222d9c94944a78cae593bbfe8962544cafe91c3545a:2:{i:0;s:13:\"_csrf-backend\";i:1;s:32:\"TIhO6EDKAgYavGkWF91KlvV1S3rl9XM6\";}'
    'advanced-backend' => 'd1b07ou18d5utnrnft6rpthn10'
    '_identity-backend' => '2b7a31e4bc715e8836e55527c0e2bbac85b860a13e7a0672434b6812f00906c7a:2:{i:0;s:17:\"_identity-backend\";i:1;s:46:\"[1,\"4iVGnUHoAP9s8jBo2X0C4powAnOi65tb\",2592000]\";}'
]

$_SESSION = [
    '__flash' => []
    '__returnUrl' => '/'
    '__id' => 1
]

$_SERVER = [
    'REDIRECT_STATUS' => '200'
    'HTTP_HOST' => 'admin.rbac.ua'
    'HTTP_CONNECTION' => 'keep-alive'
    'HTTP_UPGRADE_INSECURE_REQUESTS' => '1'
    'HTTP_USER_AGENT' => 'Mozilla/5.0 (Windows NT 6.1) AppleWebKit/537.36 (KHTML, like Gecko) Chrome/56.0.2924.87 Safari/537.36'
    'HTTP_ACCEPT' => 'text/html,application/xhtml+xml,application/xml;q=0.9,image/webp,*/*;q=0.8'
    'HTTP_REFERER' => 'http://admin.rbac.ua/index'
    'HTTP_ACCEPT_ENCODING' => 'gzip, deflate, sdch'
    'HTTP_ACCEPT_LANGUAGE' => 'ru-RU,ru;q=0.8,en-US;q=0.6,en;q=0.4'
    'HTTP_COOKIE' => '_csrf-backend=39965fd9b9532f61e5b7f2222d9c94944a78cae593bbfe8962544cafe91c3545a%3A2%3A%7Bi%3A0%3Bs%3A13%3A%22_csrf-backend%22%3Bi%3A1%3Bs%3A32%3A%22TIhO6EDKAgYavGkWF91KlvV1S3rl9XM6%22%3B%7D; advanced-backend=d1b07ou18d5utnrnft6rpthn10; _identity-backend=2b7a31e4bc715e8836e55527c0e2bbac85b860a13e7a0672434b6812f00906c7a%3A2%3A%7Bi%3A0%3Bs%3A17%3A%22_identity-backend%22%3Bi%3A1%3Bs%3A46%3A%22%5B1%2C%224iVGnUHoAP9s8jBo2X0C4powAnOi65tb%22%2C2592000%5D%22%3B%7D'
    'PATH' => 'c:\\openserver\\modules\\php\\PHP-7\\ext;c:\\openserver\\modules\\php\\PHP-7\\pear;c:\\openserver\\modules\\php\\PHP-7\\pear\\bin;c:\\openserver\\modules\\php\\PHP-7;c:\\openserver\\modules\\imagemagick;c:\\openserver\\modules\\wget\\bin;c:\\openserver\\modules\\git;c:\\openserver\\modules\\git\\bin;c:\\openserver\\modules\\git\\mingw\\bin;c:\\openserver\\modules\\git\\cmd;c:\\openserver\\modules\\database\\MySQL-5.7\\bin;c:\\openserver\\modules\\http\\Apache-PHP-7\\bin;c:\\openserver\\modules\\http\\Apache-PHP-7;C:\\Windows\\system32;C:\\Windows;C:\\Windows\\system32\\Wbem'
    'SystemRoot' => 'C:\\Windows'
    'COMSPEC' => 'C:\\Windows\\system32\\cmd.exe'
    'PATHEXT' => '.COM;.EXE;.BAT;.CMD;.VBS;.VBE;.JS;.JSE;.WSF;.WSH;.MSC'
    'WINDIR' => 'C:\\Windows'
    'SERVER_SIGNATURE' => ''
    'SERVER_SOFTWARE' => 'Apache'
    'SERVER_NAME' => 'admin.rbac.ua'
    'SERVER_ADDR' => '127.0.0.1'
    'SERVER_PORT' => '80'
    'REMOTE_ADDR' => '127.0.0.1'
    'DOCUMENT_ROOT' => 'C:/OpenServer/domains/rbac.ua/backend/web'
    'REQUEST_SCHEME' => 'http'
    'CONTEXT_PREFIX' => ''
    'CONTEXT_DOCUMENT_ROOT' => 'C:/OpenServer/domains/rbac.ua/backend/web'
    'SERVER_ADMIN' => '[no address given]'
    'SCRIPT_FILENAME' => 'C:/OpenServer/domains/rbac.ua/backend/web/index.php'
    'REMOTE_PORT' => '3672'
    'REDIRECT_URL' => '/index'
    'GATEWAY_INTERFACE' => 'CGI/1.1'
    'SERVER_PROTOCOL' => 'HTTP/1.1'
    'REQUEST_METHOD' => 'GET'
    'QUERY_STRING' => ''
    'REQUEST_URI' => '/index'
    'SCRIPT_NAME' => '/index.php'
    'PHP_SELF' => '/index.php'
    'REQUEST_TIME_FLOAT' => 1488560803.94
    'REQUEST_TIME' => 1488560803
    'argv' => []
    'argc' => 0
]
2017-03-03 20:06:44 [127.0.0.1][1][d1b07ou18d5utnrnft6rpthn10][error][yii\web\HttpException:404] yii\base\InvalidRouteException: Unable to resolve the request "index". in C:\OpenServer\domains\rbac.ua\vendor\yiisoft\yii2\base\Module.php:532
Stack trace:
#0 C:\OpenServer\domains\rbac.ua\vendor\yiisoft\yii2\web\Application.php(102): yii\base\Module->runAction('index', Array)
#1 C:\OpenServer\domains\rbac.ua\vendor\yiisoft\yii2\base\Application.php(380): yii\web\Application->handleRequest(Object(yii\web\Request))
#2 C:\OpenServer\domains\rbac.ua\backend\web\index.php(17): yii\base\Application->run()
#3 {main}

Next yii\web\NotFoundHttpException: Page not found. in C:\OpenServer\domains\rbac.ua\vendor\yiisoft\yii2\web\Application.php:114
Stack trace:
#0 C:\OpenServer\domains\rbac.ua\vendor\yiisoft\yii2\base\Application.php(380): yii\web\Application->handleRequest(Object(yii\web\Request))
#1 C:\OpenServer\domains\rbac.ua\backend\web\index.php(17): yii\base\Application->run()
#2 {main}
2017-03-03 20:06:44 [127.0.0.1][1][d1b07ou18d5utnrnft6rpthn10][info][application] $_COOKIE = [
    '_csrf-backend' => '39965fd9b9532f61e5b7f2222d9c94944a78cae593bbfe8962544cafe91c3545a:2:{i:0;s:13:\"_csrf-backend\";i:1;s:32:\"TIhO6EDKAgYavGkWF91KlvV1S3rl9XM6\";}'
    'advanced-backend' => 'd1b07ou18d5utnrnft6rpthn10'
    '_identity-backend' => '2b7a31e4bc715e8836e55527c0e2bbac85b860a13e7a0672434b6812f00906c7a:2:{i:0;s:17:\"_identity-backend\";i:1;s:46:\"[1,\"4iVGnUHoAP9s8jBo2X0C4powAnOi65tb\",2592000]\";}'
]

$_SESSION = [
    '__flash' => []
    '__returnUrl' => '/'
    '__id' => 1
]

$_SERVER = [
    'REDIRECT_STATUS' => '200'
    'HTTP_HOST' => 'admin.rbac.ua'
    'HTTP_CONNECTION' => 'keep-alive'
    'HTTP_UPGRADE_INSECURE_REQUESTS' => '1'
    'HTTP_USER_AGENT' => 'Mozilla/5.0 (Windows NT 6.1) AppleWebKit/537.36 (KHTML, like Gecko) Chrome/56.0.2924.87 Safari/537.36'
    'HTTP_ACCEPT' => 'text/html,application/xhtml+xml,application/xml;q=0.9,image/webp,*/*;q=0.8'
    'HTTP_REFERER' => 'http://admin.rbac.ua/index'
    'HTTP_ACCEPT_ENCODING' => 'gzip, deflate, sdch'
    'HTTP_ACCEPT_LANGUAGE' => 'ru-RU,ru;q=0.8,en-US;q=0.6,en;q=0.4'
    'HTTP_COOKIE' => '_csrf-backend=39965fd9b9532f61e5b7f2222d9c94944a78cae593bbfe8962544cafe91c3545a%3A2%3A%7Bi%3A0%3Bs%3A13%3A%22_csrf-backend%22%3Bi%3A1%3Bs%3A32%3A%22TIhO6EDKAgYavGkWF91KlvV1S3rl9XM6%22%3B%7D; advanced-backend=d1b07ou18d5utnrnft6rpthn10; _identity-backend=2b7a31e4bc715e8836e55527c0e2bbac85b860a13e7a0672434b6812f00906c7a%3A2%3A%7Bi%3A0%3Bs%3A17%3A%22_identity-backend%22%3Bi%3A1%3Bs%3A46%3A%22%5B1%2C%224iVGnUHoAP9s8jBo2X0C4powAnOi65tb%22%2C2592000%5D%22%3B%7D'
    'PATH' => 'c:\\openserver\\modules\\php\\PHP-7\\ext;c:\\openserver\\modules\\php\\PHP-7\\pear;c:\\openserver\\modules\\php\\PHP-7\\pear\\bin;c:\\openserver\\modules\\php\\PHP-7;c:\\openserver\\modules\\imagemagick;c:\\openserver\\modules\\wget\\bin;c:\\openserver\\modules\\git;c:\\openserver\\modules\\git\\bin;c:\\openserver\\modules\\git\\mingw\\bin;c:\\openserver\\modules\\git\\cmd;c:\\openserver\\modules\\database\\MySQL-5.7\\bin;c:\\openserver\\modules\\http\\Apache-PHP-7\\bin;c:\\openserver\\modules\\http\\Apache-PHP-7;C:\\Windows\\system32;C:\\Windows;C:\\Windows\\system32\\Wbem'
    'SystemRoot' => 'C:\\Windows'
    'COMSPEC' => 'C:\\Windows\\system32\\cmd.exe'
    'PATHEXT' => '.COM;.EXE;.BAT;.CMD;.VBS;.VBE;.JS;.JSE;.WSF;.WSH;.MSC'
    'WINDIR' => 'C:\\Windows'
    'SERVER_SIGNATURE' => ''
    'SERVER_SOFTWARE' => 'Apache'
    'SERVER_NAME' => 'admin.rbac.ua'
    'SERVER_ADDR' => '127.0.0.1'
    'SERVER_PORT' => '80'
    'REMOTE_ADDR' => '127.0.0.1'
    'DOCUMENT_ROOT' => 'C:/OpenServer/domains/rbac.ua/backend/web'
    'REQUEST_SCHEME' => 'http'
    'CONTEXT_PREFIX' => ''
    'CONTEXT_DOCUMENT_ROOT' => 'C:/OpenServer/domains/rbac.ua/backend/web'
    'SERVER_ADMIN' => '[no address given]'
    'SCRIPT_FILENAME' => 'C:/OpenServer/domains/rbac.ua/backend/web/index.php'
    'REMOTE_PORT' => '3675'
    'REDIRECT_URL' => '/index'
    'GATEWAY_INTERFACE' => 'CGI/1.1'
    'SERVER_PROTOCOL' => 'HTTP/1.1'
    'REQUEST_METHOD' => 'GET'
    'QUERY_STRING' => ''
    'REQUEST_URI' => '/index'
    'SCRIPT_NAME' => '/index.php'
    'PHP_SELF' => '/index.php'
    'REQUEST_TIME_FLOAT' => 1488560804.743
    'REQUEST_TIME' => 1488560804
    'argv' => []
    'argc' => 0
]
